2016-12-27 16:53:46 INFO 开始登录邮箱
2016-12-27 16:53:47 INFO 登录邮箱成功。
2016-12-27 16:53:47 INFO 开始配置发件箱。
2016-12-27 16:53:50 INFO 发件箱配置成功
2016-12-27 16:53:50 INFO 开始登录邮箱
2016-12-27 16:53:52 INFO 登录邮箱成功。
2016-12-27 16:53:52 INFO 开始配置发件箱。
2016-12-27 16:53:54 INFO 发件箱配置成功
2016-12-27 16:53:54 INFO 开始抓取邮件。
2016-12-27 16:53:54 INFO 抓取邮件成功。
2016-12-27 16:53:54 INFO 开始抓取subject和发件人
2016-12-27 16:53:54 INFO 抓取subject和发件人成功
2016-12-27 16:53:54 INFO 开始处理命令。
2016-12-27 16:54:04 INFO 开始登录邮箱
2016-12-27 16:54:05 INFO 登录邮箱成功。
2016-12-27 16:54:05 INFO 开始配置发件箱。
2016-12-27 16:54:06 INFO 发件箱配置成功
2016-12-27 16:54:06 INFO 开始抓取邮件。
2016-12-27 16:54:07 INFO 抓取邮件成功。
2016-12-27 16:54:07 INFO 开始抓取subject和发件人
2016-12-27 16:54:07 INFO 抓取subject和发件人成功
2016-12-27 16:54:07 INFO 开始处理命令。
